Determining if the pthread_create exist failed with the following output:
Change Dir: /home/ubuntu/catkin_ws/build_isolated/slam_gmapping/CMakeFiles/CMakeTmp

Run Build Command:"/usr/bin/ninja" "cmTC_de10b"
[1/2] Building C object CMakeFiles/cmTC_de10b.dir/CheckSymbolExists.c.o
[2/2] Linking C executable cmTC_de10b
FAILED: : && /usr/bin/cc     CMakeFiles/cmTC_de10b.dir/CheckSymbolExists.c.o  -o cmTC_de10b  -rdynamic && :
CMakeFiles/cmTC_de10b.dir/CheckSymbolExists.c.o: In function `main':
CheckSymbolExists.c:(.text+0xe): undefined reference to `pthread_create'
CheckSymbolExists.c:(.text+0x12): undefined reference to `pthread_create'
collect2: error: ld returned 1 exit status
ninja: build stopped: subcommand failed.

File /home/ubuntu/catkin_ws/build_isolated/slam_gmapping/CMakeFiles/CMakeTmp/CheckSymbolExists.c:
/* */
#include <pthread.h>

int main(int argc, char** argv)
{
  (void)argv;
#ifndef pthread_create
  return ((int*)(&pthread_create))[argc];
#else
  (void)argc;
  return 0;
#endif
}

Determining if the function pthread_create exists in the pthreads failed with the following output:
Change Dir: /home/ubuntu/catkin_ws/build_isolated/slam_gmapping/CMakeFiles/CMakeTmp

Run Build Command:"/usr/bin/ninja" "cmTC_2ea71"
[1/2] Building C object CMakeFiles/cmTC_2ea71.dir/CheckFunctionExists.c.o
[2/2] Linking C executable cmTC_2ea71
FAILED: : && /usr/bin/cc  -DCHECK_FUNCTION_EXISTS=pthread_create   CMakeFiles/cmTC_2ea71.dir/CheckFunctionExists.c.o  -o cmTC_2ea71  -rdynamic -lpthreads && :
/usr/bin/ld: cannot find -lpthreads
collect2: error: ld returned 1 exit status
ninja: build stopped: subcommand failed.


