Determining if the pthread_create exist failed with the following output:
Change Dir: /home/ubuntu/catkin_ws/build_isolated/hector_imu_attitude_to_tf/CMakeFiles/CMakeTmp

Run Build Command:"/usr/bin/ninja" "cmTC_acaa5"
[1/2] Building C object CMakeFiles/cmTC_acaa5.dir/CheckSymbolExists.c.o
[2/2] Linking C executable cmTC_acaa5
FAILED: : && /usr/bin/cc     CMakeFiles/cmTC_acaa5.dir/CheckSymbolExists.c.o  -o cmTC_acaa5  -rdynamic && :
CMakeFiles/cmTC_acaa5.dir/CheckSymbolExists.c.o: In function `main':
CheckSymbolExists.c:(.text+0xe): undefined reference to `pthread_create'
CheckSymbolExists.c:(.text+0x12): undefined reference to `pthread_create'
collect2: error: ld returned 1 exit status
ninja: build stopped: subcommand failed.

File /home/ubuntu/catkin_ws/build_isolated/hector_imu_attitude_to_tf/CMakeFiles/CMakeTmp/CheckSymbolExists.c:
/* */
#include <pthread.h>

int main(int argc, char** argv)
{
  (void)argv;
#ifndef pthread_create
  return ((int*)(&pthread_create))[argc];
#else
  (void)argc;
  return 0;
#endif
}

Determining if the function pthread_create exists in the pthreads failed with the following output:
Change Dir: /home/ubuntu/catkin_ws/build_isolated/hector_imu_attitude_to_tf/CMakeFiles/CMakeTmp

Run Build Command:"/usr/bin/ninja" "cmTC_d3966"
[1/2] Building C object CMakeFiles/cmTC_d3966.dir/CheckFunctionExists.c.o
[2/2] Linking C executable cmTC_d3966
FAILED: : && /usr/bin/cc  -DCHECK_FUNCTION_EXISTS=pthread_create   CMakeFiles/cmTC_d3966.dir/CheckFunctionExists.c.o  -o cmTC_d3966  -rdynamic -lpthreads && :
/usr/bin/ld: cannot find -lpthreads
collect2: error: ld returned 1 exit status
ninja: build stopped: subcommand failed.


